<?xml version="1.0" encoding="UTF-8"?>
<!-- Generated by org.testng.reporters.JUnitReportReporter -->
<testsuite hostname="DESKTOP-587F43C" failures="0" tests="1" name="testcases.CreatePortfolioTest" time="8.656" errors="0" timestamp="2022-03-26T12:49:57 IST" skipped="0">
  <testcase classname="testcases.CreatePortfolioTest" name="createPortFolioTest" time="8.656"/>
  <system-out/>
</testsuite> <!-- testcases.CreatePortfolioTest -->
