<?xml version="1.0" encoding="UTF-8"?>
<!-- Generated by org.testng.reporters.JUnitReportReporter -->
<testsuite hostname="DESKTOP-587F43C" failures="0" tests="1" name="testcases.CreatePortfolioTest" time="17.087" errors="0" timestamp="2022-03-27T10:47:00 IST" skipped="0">
  <testcase classname="testcases.CreatePortfolioTest" name="createPortFolioTest" time="17.087"/>
</testsuite> <!-- testcases.CreatePortfolioTest -->
